2023-08-01 05:37:27,238 INFO Initializing CopyTradingService...
2023-08-01 05:37:27,239 INFO Starting CopyTradingService...
2023-08-01 05:37:27,239 INFO Configuring master account e3264022-74e5-412a-8d09-92f9ac7bab7d...
2023-08-01 05:47:34,177 INFO Initializing CopyTradingService...
2023-08-01 05:47:34,178 INFO Starting CopyTradingService...
2023-08-01 05:47:34,178 INFO Configuring master account e3264022-74e5-412a-8d09-92f9ac7bab7d...
2023-08-01 05:47:44,053 INFO Configuring slave account 25864131-5d1a-4d58-b7b9-d42bede3a879...
2023-08-01 05:47:46,550 INFO Configured slave account 25864131-5d1a-4d58-b7b9-d42bede3a879 successfully.
2023-08-02 05:40:50,118 INFO Initializing CopyTradingService...
2023-08-02 05:40:50,118 INFO Starting CopyTradingService...
2023-08-02 05:40:50,119 INFO Configuring master account 414a0994-5d18-42c2-acb0-5fa47e032d19...
2023-08-02 05:41:03,146 INFO Configuring slave account 3aa39e0a-e6ea-4611-9f12-2b6a344aaff0...
2023-08-02 05:41:06,045 INFO Configured slave account 3aa39e0a-e6ea-4611-9f12-2b6a344aaff0 successfully.
2023-08-02 05:41:06,046 INFO Configuring master account 6aafa66a-de23-4b92-8bea-cbbf6cc752d0...
2023-08-02 05:41:23,764 INFO Configuring slave account 1f3df7da-7d36-40b3-b875-d7ad4cd41dc2...
2023-08-02 05:41:26,644 INFO Configured slave account 1f3df7da-7d36-40b3-b875-d7ad4cd41dc2 successfully.
2023-08-02 05:41:26,644 INFO Configuring master account 1e7ee130-137d-4dc9-a98b-044abf80ceaf...
2023-08-02 05:41:32,896 INFO Configuring slave account b3fe0e04-eade-4d28-b9fc-e2a2bc1e9f10...
2023-08-02 05:41:37,266 INFO Configured slave account b3fe0e04-eade-4d28-b9fc-e2a2bc1e9f10 successfully.
2023-08-02 05:41:37,266 INFO Configuring master account 585504e6-b4c2-4b5f-b769-55b151cd4c37...
2023-08-02 05:41:43,348 INFO Configuring slave account e07dd911-f3ce-4d87-b4ad-a9b3319181ef...
2023-08-02 05:41:52,305 INFO Configured slave account e07dd911-f3ce-4d87-b4ad-a9b3319181ef successfully.
2023-08-02 05:55:24,825 INFO Initializing CopyTradingService...
2023-08-02 05:55:24,825 INFO Starting CopyTradingService...
2023-08-02 05:55:24,826 INFO Configuring master account 414a0994-5d18-42c2-acb0-5fa47e032d19...
2023-08-02 05:55:32,411 INFO Configuring slave account 3aa39e0a-e6ea-4611-9f12-2b6a344aaff0...
2023-08-02 05:55:35,373 INFO Configured slave account 3aa39e0a-e6ea-4611-9f12-2b6a344aaff0 successfully.
2023-08-02 05:55:35,373 INFO Configuring master account 6aafa66a-de23-4b92-8bea-cbbf6cc752d0...
2023-08-02 05:55:46,478 INFO Configuring slave account 1f3df7da-7d36-40b3-b875-d7ad4cd41dc2...
2023-08-02 05:55:49,029 INFO Configured slave account 1f3df7da-7d36-40b3-b875-d7ad4cd41dc2 successfully.
2023-08-02 05:55:49,030 INFO Configuring master account 1e7ee130-137d-4dc9-a98b-044abf80ceaf...
2023-08-02 05:55:55,750 INFO Configuring slave account b3fe0e04-eade-4d28-b9fc-e2a2bc1e9f10...
2023-08-02 05:55:58,948 INFO Configured slave account b3fe0e04-eade-4d28-b9fc-e2a2bc1e9f10 successfully.
2023-08-02 05:55:58,948 INFO Configuring master account 585504e6-b4c2-4b5f-b769-55b151cd4c37...
2023-08-02 05:56:04,140 INFO Configuring slave account e07dd911-f3ce-4d87-b4ad-a9b3319181ef...
2023-08-02 05:56:10,408 INFO Configured slave account e07dd911-f3ce-4d87-b4ad-a9b3319181ef successfully.
2023-08-03 05:29:13,745 INFO Initializing CopyTradingService...
2023-08-03 05:29:13,746 INFO Starting CopyTradingService...
2023-08-03 05:29:13,746 INFO Configuring master account 414a0994-5d18-42c2-acb0-5fa47e032d19...
2023-08-03 05:29:21,708 INFO Configuring slave account 3aa39e0a-e6ea-4611-9f12-2b6a344aaff0...
2023-08-03 05:29:24,375 INFO Configured slave account 3aa39e0a-e6ea-4611-9f12-2b6a344aaff0 successfully.
2023-08-03 05:29:24,376 INFO Configuring master account 6aafa66a-de23-4b92-8bea-cbbf6cc752d0...
2023-08-03 05:29:29,605 INFO Configuring slave account 1f3df7da-7d36-40b3-b875-d7ad4cd41dc2...
2023-08-03 05:29:32,305 INFO Configured slave account 1f3df7da-7d36-40b3-b875-d7ad4cd41dc2 successfully.
2023-08-03 05:29:32,306 INFO Configuring master account 1e7ee130-137d-4dc9-a98b-044abf80ceaf...
2023-08-03 05:29:38,613 INFO Configuring slave account b3fe0e04-eade-4d28-b9fc-e2a2bc1e9f10...
2023-08-03 05:29:41,190 INFO Configured slave account b3fe0e04-eade-4d28-b9fc-e2a2bc1e9f10 successfully.
2023-08-03 05:29:41,190 INFO Configuring master account 585504e6-b4c2-4b5f-b769-55b151cd4c37...
2023-08-03 05:29:47,451 INFO Configuring slave account e07dd911-f3ce-4d87-b4ad-a9b3319181ef...
2023-08-03 05:29:50,034 INFO Configured slave account e07dd911-f3ce-4d87-b4ad-a9b3319181ef successfully.
2023-08-04 09:43:02,924 INFO Initializing CopyTradingService...
2023-08-04 09:43:02,925 INFO Starting CopyTradingService...
2023-08-04 09:43:02,926 INFO Configuring master account 414a0994-5d18-42c2-acb0-5fa47e032d19...
2023-08-04 09:43:13,905 INFO Configuring slave account 3aa39e0a-e6ea-4611-9f12-2b6a344aaff0...
2023-08-04 09:43:17,594 INFO Configured slave account 3aa39e0a-e6ea-4611-9f12-2b6a344aaff0 successfully.
2023-08-04 09:43:17,595 INFO Configuring master account e831e508-3fb8-48d0-8bc3-30c04b4066fe...
2023-08-04 09:43:25,338 INFO Configuring slave account f6c93696-a924-47dd-a2e2-c2626ff4b70b...
2023-08-04 09:43:28,226 INFO Configured slave account f6c93696-a924-47dd-a2e2-c2626ff4b70b successfully.
2023-08-04 09:43:28,227 INFO Configuring master account 1e7ee130-137d-4dc9-a98b-044abf80ceaf...
2023-08-04 09:43:34,377 INFO Configuring slave account b3fe0e04-eade-4d28-b9fc-e2a2bc1e9f10...
2023-08-04 09:43:37,019 INFO Configured slave account b3fe0e04-eade-4d28-b9fc-e2a2bc1e9f10 successfully.
2023-08-04 09:43:37,019 INFO Configuring master account 585504e6-b4c2-4b5f-b769-55b151cd4c37...
2023-08-04 09:43:42,362 INFO Configuring slave account e07dd911-f3ce-4d87-b4ad-a9b3319181ef...
2023-08-04 09:43:44,876 INFO Configured slave account e07dd911-f3ce-4d87-b4ad-a9b3319181ef successfully.
2023-08-09 11:41:49,674 INFO Initializing CopyTradingService...
2023-08-09 11:41:49,676 INFO Starting CopyTradingService...
2023-08-09 11:41:49,676 INFO Configuring master account 414a0994-5d18-42c2-acb0-5fa47e032d19...
2023-08-09 11:42:01,343 INFO Configuring slave account 3aa39e0a-e6ea-4611-9f12-2b6a344aaff0...
2023-08-09 11:42:08,107 INFO Configured slave account 3aa39e0a-e6ea-4611-9f12-2b6a344aaff0 successfully.
2023-08-09 11:42:08,107 INFO Configuring master account e831e508-3fb8-48d0-8bc3-30c04b4066fe...
2023-08-09 11:42:16,869 INFO Configuring slave account f6c93696-a924-47dd-a2e2-c2626ff4b70b...
2023-08-09 11:42:20,865 INFO Configured slave account f6c93696-a924-47dd-a2e2-c2626ff4b70b successfully.
2023-08-09 11:42:20,865 INFO Configuring master account 1e7ee130-137d-4dc9-a98b-044abf80ceaf...
2023-08-09 11:42:29,588 INFO Configuring slave account b3fe0e04-eade-4d28-b9fc-e2a2bc1e9f10...
2023-08-09 11:42:34,079 INFO Configured slave account b3fe0e04-eade-4d28-b9fc-e2a2bc1e9f10 successfully.
2023-08-09 11:42:34,079 INFO Configuring master account 585504e6-b4c2-4b5f-b769-55b151cd4c37...
2023-08-09 11:42:39,032 INFO Configuring slave account e07dd911-f3ce-4d87-b4ad-a9b3319181ef...
2023-08-09 11:42:42,145 INFO Configured slave account e07dd911-f3ce-4d87-b4ad-a9b3319181ef successfully.
2023-08-09 11:50:20,938 INFO Initializing CopyTradingService...
2023-08-09 11:50:20,939 INFO Starting CopyTradingService...
2023-08-09 11:50:20,939 INFO Configuring master account 414a0994-5d18-42c2-acb0-5fa47e032d19...
2023-08-09 11:50:30,714 INFO Configuring slave account 3aa39e0a-e6ea-4611-9f12-2b6a344aaff0...
2023-08-09 11:50:33,519 INFO Configured slave account 3aa39e0a-e6ea-4611-9f12-2b6a344aaff0 successfully.
2023-08-09 11:50:33,519 INFO Configuring master account 6aafa66a-de23-4b92-8bea-cbbf6cc752d0...
2023-08-09 11:55:48,481 INFO Initializing CopyTradingService...
2023-08-09 11:55:48,482 INFO Starting CopyTradingService...
2023-08-09 11:55:48,482 INFO Configuring master account 414a0994-5d18-42c2-acb0-5fa47e032d19...
2023-08-09 11:55:57,135 INFO Configuring slave account 3aa39e0a-e6ea-4611-9f12-2b6a344aaff0...
2023-08-09 11:55:59,737 INFO Configured slave account 3aa39e0a-e6ea-4611-9f12-2b6a344aaff0 successfully.
2023-08-09 11:55:59,737 INFO Configuring master account e831e508-3fb8-48d0-8bc3-30c04b4066fe...
2023-08-09 11:56:06,123 INFO Configuring slave account f6c93696-a924-47dd-a2e2-c2626ff4b70b...
2023-08-09 11:56:09,343 INFO Configured slave account f6c93696-a924-47dd-a2e2-c2626ff4b70b successfully.
2023-08-09 11:56:09,343 INFO Configuring master account 1e7ee130-137d-4dc9-a98b-044abf80ceaf...
2023-08-09 11:56:14,330 INFO Configuring slave account b3fe0e04-eade-4d28-b9fc-e2a2bc1e9f10...
2023-08-09 11:56:17,104 INFO Configured slave account b3fe0e04-eade-4d28-b9fc-e2a2bc1e9f10 successfully.
2023-08-09 11:56:17,104 INFO Configuring master account 585504e6-b4c2-4b5f-b769-55b151cd4c37...
2023-08-09 11:56:24,689 INFO Configuring slave account e07dd911-f3ce-4d87-b4ad-a9b3319181ef...
2023-08-09 11:56:31,326 INFO Configured slave account e07dd911-f3ce-4d87-b4ad-a9b3319181ef successfully.
2023-08-09 11:56:31,326 INFO Configuring master account a891b507-444b-4976-80d1-2e3bbc9cb159...
2023-08-09 11:56:47,083 INFO Configuring slave account 31625dc8-46b4-4107-bd1a-184f126260d8...
2023-08-09 11:56:51,730 INFO Configured slave account 31625dc8-46b4-4107-bd1a-184f126260d8 successfully.
2023-08-09 11:56:51,730 INFO Configuring master account 46ff406d-e4b2-4b87-9187-c5727e8ac29b...
2023-08-09 11:56:58,358 INFO Configuring slave account a5e9e03a-fb0c-4725-9a75-fd7e15708f65...
2023-08-09 11:57:00,545 INFO Configured slave account a5e9e03a-fb0c-4725-9a75-fd7e15708f65 successfully.
2023-08-09 11:57:00,545 INFO Configuring master account 703b29c5-d1bc-40d2-9e71-6876d9514cc5...
2023-08-09 11:57:12,657 INFO Configuring slave account 6abb000a-e309-4dc7-b058-0c5bcc6116c2...
2023-08-09 11:57:16,282 INFO Configured slave account 6abb000a-e309-4dc7-b058-0c5bcc6116c2 successfully.
2023-08-09 11:57:16,284 INFO Configuring master account 30161f15-9a6c-4786-823e-7209329bd983...
2023-08-09 11:57:25,260 INFO Configuring slave account d3626e01-b6e3-4515-baa3-da81ce8c8b9c...
2023-08-09 11:57:27,601 INFO Configured slave account d3626e01-b6e3-4515-baa3-da81ce8c8b9c successfully.
2023-08-10 11:50:14,767 INFO Initializing CopyTradingService...
2023-08-10 11:50:14,768 INFO Starting CopyTradingService...
2023-08-10 11:50:14,768 INFO Configuring master account 414a0994-5d18-42c2-acb0-5fa47e032d19...
2023-08-10 11:50:22,541 INFO Configuring slave account 3aa39e0a-e6ea-4611-9f12-2b6a344aaff0...
2023-08-10 11:50:28,794 INFO Configured slave account 3aa39e0a-e6ea-4611-9f12-2b6a344aaff0 successfully.
2023-08-10 11:50:28,796 INFO Configuring master account e831e508-3fb8-48d0-8bc3-30c04b4066fe...
2023-08-10 11:50:33,727 INFO Configuring slave account f6c93696-a924-47dd-a2e2-c2626ff4b70b...
2023-08-10 11:50:36,140 INFO Configured slave account f6c93696-a924-47dd-a2e2-c2626ff4b70b successfully.
2023-08-10 11:50:36,141 INFO Configuring master account 1e7ee130-137d-4dc9-a98b-044abf80ceaf...
2023-08-10 11:50:41,191 INFO Configuring slave account b3fe0e04-eade-4d28-b9fc-e2a2bc1e9f10...
2023-08-10 11:50:53,317 INFO Configured slave account b3fe0e04-eade-4d28-b9fc-e2a2bc1e9f10 successfully.
2023-08-10 11:50:53,317 INFO Configuring master account 585504e6-b4c2-4b5f-b769-55b151cd4c37...
2023-08-10 11:50:57,223 INFO Configuring slave account e07dd911-f3ce-4d87-b4ad-a9b3319181ef...
2023-08-10 11:50:58,209 INFO Configured slave account e07dd911-f3ce-4d87-b4ad-a9b3319181ef successfully.
2023-08-10 11:50:58,209 INFO Configuring master account a891b507-444b-4976-80d1-2e3bbc9cb159...
2023-08-10 11:51:04,762 INFO Configuring slave account 31625dc8-46b4-4107-bd1a-184f126260d8...
2023-08-10 11:51:05,997 INFO Configured slave account 31625dc8-46b4-4107-bd1a-184f126260d8 successfully.
2023-08-10 11:51:05,997 INFO Configuring master account 46ff406d-e4b2-4b87-9187-c5727e8ac29b...
2023-08-10 11:51:12,785 INFO Configuring slave account a5e9e03a-fb0c-4725-9a75-fd7e15708f65...
2023-08-10 11:51:17,484 INFO Configured slave account a5e9e03a-fb0c-4725-9a75-fd7e15708f65 successfully.
2023-08-10 11:51:17,485 INFO Configuring master account 703b29c5-d1bc-40d2-9e71-6876d9514cc5...
2023-08-10 11:51:27,384 INFO Configuring slave account 6abb000a-e309-4dc7-b058-0c5bcc6116c2...
2023-08-10 11:51:28,919 INFO Configured slave account 6abb000a-e309-4dc7-b058-0c5bcc6116c2 successfully.
2023-08-10 11:51:28,919 INFO Configuring master account 30161f15-9a6c-4786-823e-7209329bd983...
2023-08-10 11:51:34,674 INFO Configuring slave account d3626e01-b6e3-4515-baa3-da81ce8c8b9c...
2023-08-10 11:51:43,227 INFO Configured slave account d3626e01-b6e3-4515-baa3-da81ce8c8b9c successfully.
2023-08-10 11:51:43,227 INFO Configuring master account 1a9611cc-e946-44f5-abd6-438ced16c6e9...
2023-08-10 11:51:50,739 INFO Configuring slave account 5523f6ca-efd6-40fb-a46d-d4fe31930a8c...
2023-08-10 11:52:07,517 INFO Configured slave account 5523f6ca-efd6-40fb-a46d-d4fe31930a8c successfully.
2023-08-10 12:26:57,181 INFO Initializing CopyTradingService...
2023-08-10 12:26:57,181 INFO Starting CopyTradingService...
2023-08-10 12:26:57,182 INFO Configuring master account 414a0994-5d18-42c2-acb0-5fa47e032d19...
2023-08-10 12:27:14,669 INFO Configuring slave account 3aa39e0a-e6ea-4611-9f12-2b6a344aaff0...
2023-08-10 12:27:18,764 INFO Configured slave account 3aa39e0a-e6ea-4611-9f12-2b6a344aaff0 successfully.
2023-08-10 12:27:18,764 INFO Configuring master account e831e508-3fb8-48d0-8bc3-30c04b4066fe...
2023-08-10 12:27:28,284 INFO Configuring slave account f6c93696-a924-47dd-a2e2-c2626ff4b70b...
2023-08-10 12:27:30,959 INFO Configured slave account f6c93696-a924-47dd-a2e2-c2626ff4b70b successfully.
2023-08-10 12:27:30,959 INFO Configuring master account 1e7ee130-137d-4dc9-a98b-044abf80ceaf...
2023-08-10 12:27:40,540 INFO Configuring slave account b3fe0e04-eade-4d28-b9fc-e2a2bc1e9f10...
2023-08-10 12:27:47,510 INFO Configured slave account b3fe0e04-eade-4d28-b9fc-e2a2bc1e9f10 successfully.
2023-08-10 12:27:47,510 INFO Configuring master account 585504e6-b4c2-4b5f-b769-55b151cd4c37...
2023-08-10 12:27:53,480 INFO Configuring slave account e07dd911-f3ce-4d87-b4ad-a9b3319181ef...
2023-08-10 12:27:56,798 INFO Configured slave account e07dd911-f3ce-4d87-b4ad-a9b3319181ef successfully.
2023-08-10 12:27:56,798 INFO Configuring master account a891b507-444b-4976-80d1-2e3bbc9cb159...
2023-08-10 12:28:01,594 INFO Configuring slave account 31625dc8-46b4-4107-bd1a-184f126260d8...
2023-08-10 12:28:04,660 INFO Configured slave account 31625dc8-46b4-4107-bd1a-184f126260d8 successfully.
2023-08-10 12:28:04,660 INFO Configuring master account 46ff406d-e4b2-4b87-9187-c5727e8ac29b...
2023-08-10 12:28:12,375 INFO Configuring slave account a5e9e03a-fb0c-4725-9a75-fd7e15708f65...
2023-08-10 12:28:17,212 INFO Configured slave account a5e9e03a-fb0c-4725-9a75-fd7e15708f65 successfully.
2023-08-10 12:28:17,212 INFO Configuring master account 703b29c5-d1bc-40d2-9e71-6876d9514cc5...
2023-08-10 12:28:22,596 INFO Configuring slave account 6abb000a-e309-4dc7-b058-0c5bcc6116c2...
2023-08-10 12:28:25,842 INFO Configured slave account 6abb000a-e309-4dc7-b058-0c5bcc6116c2 successfully.
2023-08-10 12:28:25,843 INFO Configuring master account 30161f15-9a6c-4786-823e-7209329bd983...
2023-08-10 12:28:31,345 INFO Configuring slave account d3626e01-b6e3-4515-baa3-da81ce8c8b9c...
2023-08-10 12:28:34,554 INFO Configured slave account d3626e01-b6e3-4515-baa3-da81ce8c8b9c successfully.
2023-08-10 12:28:34,555 INFO Configuring master account 1a9611cc-e946-44f5-abd6-438ced16c6e9...
2023-08-10 12:28:39,297 INFO Configuring slave account 5523f6ca-efd6-40fb-a46d-d4fe31930a8c...
2023-08-10 12:28:41,737 INFO Configured slave account 5523f6ca-efd6-40fb-a46d-d4fe31930a8c successfully.
